<?xml version="1.0" encoding="UTF-8"?>
<!-- Generated by org.testng.reporters.JUnitReportReporter -->
<testsuite hostname="DESKTOP-KA91B3B" failures="0" tests="1" name="com.SeleniumDev.testCases.TestClass" time="1.668" errors="0" timestamp="2021-04-09T12:52:55 BDT" skipped="0">
  <testcase classname="com.SeleniumDev.testCases.TestClass" name="verifyHeaderDescription" time="1.668"/>
  <system-out/>
</testsuite> <!-- com.SeleniumDev.testCases.TestClass -->
